<?xml version="1.0" encoding="UTF-8"?>
<testsuite xmlns:xsi="http://www.w3.org/2001/XMLSchema-instance" xsi:noNamespaceSchemaLocation="https://maven.apache.org/surefire/maven-surefire-plugin/xsd/surefire-test-report-3.0.xsd" version="3.0" name="ec.epn.edu.CalculatorTest" time="0.017" tests="4" errors="0" skipped="0" failures="0">
  <properties>
[...]
</properties>
  <testcase name="testResta" classname="ec.epn.edu.CalculatorTest" time="0">
    <system-out><![CDATA[setUpClass
setUp
tearDown
]]></system-out>
  </testcase>
  <testcase name="testSuma" classname="ec.epn.edu.CalculatorTest" time="0.001">
    <system-out><![CDATA[setUp
tearDown
]]></system-out>
  </testcase>
  <testcase name="testMultiplicacion" classname="ec.epn.edu.CalculatorTest" time="0.001">
    <system-out><![CDATA[setUp
tearDown
]]></system-out>
  </testcase>
  <testcase name="testDivision" classname="ec.epn.edu.CalculatorTest" time="0.009">
    <system-out><![CDATA[setUp
tearDown
]]></system-out>
  </testcase>
</testsuite>